-------------------------------------------------------------------------------
Test set: com.spring.bioMedical.BioMedicalApplicationTests
-------------------------------------------------------------------------------
Tests run: 1, Failures: 0, Errors: 1, Skipped: 0, Time elapsed: 5.728 s <<< FAILURE! - in com.spring.bioMedical.BioMedicalApplicationTests
contextLoads  Time elapsed: 0.032 s  <<< ERROR!
java.lang.IllegalStateException: Failed to load ApplicationContext
Caused by: org.springframework.beans.factory.BeanCreationException: Error creating bean with name 'registerController' defined in file [/Users/genevievebita/biom/geolocation/target/classes/com/spring/bioMedical/Controller/RegisterController.class]: Bean instantiation via constructor failed; nested exception is org.springframework.beans.BeanInstantiationException: Failed to instantiate [com.spring.bioMedical.Controller.RegisterController]: Constructor threw exception; nested exception is org.springframework.cglib.core.CodeGenerationException: java.lang.IllegalAccessException-->module java.base does not open java.lang to unnamed module @12efa456
Caused by: org.springframework.beans.BeanInstantiationException: Failed to instantiate [com.spring.bioMedical.Controller.RegisterController]: Constructor threw exception; nested exception is org.springframework.cglib.core.CodeGenerationException: java.lang.IllegalAccessException-->module java.base does not open java.lang to unnamed module @12efa456
Caused by: org.springframework.cglib.core.CodeGenerationException: java.lang.IllegalAccessException-->module java.base does not open java.lang to unnamed module @12efa456
Caused by: java.lang.IllegalAccessException: module java.base does not open java.lang to unnamed module @12efa456

